{
  "stats": {
    "suites": 1,
    "tests": 2,
    "passes": 2,
    "pending": 0,
    "failures": 0,
    "start": "2022-05-22T06:49:18.385Z",
    "end": "2022-05-22T06:49:20.750Z",
    "duration": 2365,
    "testsRegistered": 2,
    "passPercent": 100,
    "pendingPercent": 0,
    "other": 0,
    "hasOther": false,
    "skipped": 0,
    "hasSkipped": false
  },
  "results": [
    {
      "uuid": "b0fc4017-1e3b-4fb0-9b04-ff0abafa1875",
      "title": "",
      "fullFile": "/home/abdullah/Node/kpss-api/src/routes/v1/question/question.spec.js",
      "file": "/src/routes/v1/question/question.spec.js",
      "beforeHooks": [],
      "afterHooks": [],
      "tests": [],
      "suites": [
        {
          "uuid": "c8965f19-27cf-459e-80de-32e7a6d86b93",
          "title": "Question modeline ait CRUD işlemleri",
          "fullFile": "/home/abdullah/Node/kpss-api/src/routes/v1/question/question.spec.js",
          "file": "/src/routes/v1/question/question.spec.js",
          "beforeHooks": [
            {
              "title": "\"before each\" hook in \"Question modeline ait CRUD işlemleri\"",
              "fullTitle": "Question modeline ait CRUD işlemleri \"before each\" hook in \"Question modeline ait CRUD işlemleri\"",
              "timedOut": false,
              "duration": 3,
              "state": null,
              "speed": null,
              "pass": false,
              "fail": false,
              "pending": false,
              "context": null,
              "code": "connectDB();",
              "err": {},
              "uuid": "cce3e354-010d-4660-b71f-d1184a17f969",
              "parentUUID": "c8965f19-27cf-459e-80de-32e7a6d86b93",
              "isHook": true,
              "skipped": false
            }
          ],
          "afterHooks": [
            {
              "title": "\"after each\" hook in \"Question modeline ait CRUD işlemleri\"",
              "fullTitle": "Question modeline ait CRUD işlemleri \"after each\" hook in \"Question modeline ait CRUD işlemleri\"",
              "timedOut": false,
              "duration": 0,
              "state": null,
              "speed": null,
              "pass": false,
              "fail": false,
              "pending": false,
              "context": null,
              "code": "disconnectDB();",
              "err": {},
              "uuid": "08a328b7-b07a-415c-961f-c327790ff01b",
              "parentUUID": "c8965f19-27cf-459e-80de-32e7a6d86b93",
              "isHook": true,
              "skipped": false
            }
          ],
          "tests": [
            {
              "title": "POST /createQuestion - soru oluştur.",
              "fullTitle": "Question modeline ait CRUD işlemleri POST /createQuestion - soru oluştur.",
              "timedOut": false,
              "duration": 2321,
              "state": "passed",
              "speed": "slow",
              "pass": true,
              "fail": false,
              "pending": false,
              "context": null,
              "code": "chai\n  .request(app)\n  .post(`${questionURL}/createQuestion`)\n  .send(question)\n  .end((err, response) => {\n    response.should.have.status(200);\n    done();\n  });",
              "err": {},
              "uuid": "b77d2de1-0928-4505-9da7-1e4d16f12c95",
              "parentUUID": "c8965f19-27cf-459e-80de-32e7a6d86b93",
              "isHook": false,
              "skipped": false
            },
            {
              "title": "GET /questionById - ID bilgisine göre soru getir.",
              "fullTitle": "Question modeline ait CRUD işlemleri GET /questionById - ID bilgisine göre soru getir.",
              "timedOut": false,
              "duration": 5,
              "state": "passed",
              "speed": "fast",
              "pass": true,
              "fail": false,
              "pending": false,
              "context": null,
              "code": "chai\n  .request(app)\n  .get(`/`)\n  .end((err, response) => {\n    response.should.have.status(200);\n    done();\n  });",
              "err": {},
              "uuid": "36f3f5cf-cb23-46b1-a88d-8a04a5c8fd4a",
              "parentUUID": "c8965f19-27cf-459e-80de-32e7a6d86b93",
              "isHook": false,
              "skipped": false
            }
          ],
          "suites": [],
          "passes": [
            "b77d2de1-0928-4505-9da7-1e4d16f12c95",
            "36f3f5cf-cb23-46b1-a88d-8a04a5c8fd4a"
          ],
          "failures": [],
          "pending": [],
          "skipped": [],
          "duration": 2326,
          "root": false,
          "rootEmpty": false,
          "_timeout": 15000
        }
      ],
      "passes": [],
      "failures": [],
      "pending": [],
      "skipped": [],
      "duration": 0,
      "root": true,
      "rootEmpty": true,
      "_timeout": 15000
    }
  ],
  "meta": {
    "mocha": {
      "version": "10.0.0"
    },
    "mochawesome": {
      "options": {
        "quiet": false,
        "reportFilename": "mochawesome",
        "saveHtml": true,
        "saveJson": true,
        "consoleReporter": "spec",
        "useInlineDiffs": false,
        "code": true
      },
      "version": "7.1.3"
    },
    "marge": {
      "options": null,
      "version": "6.2.0"
    }
  }
}