{
  "stats": {
    "suites": 1,
    "tests": 1,
    "passes": 1,
    "pending": 0,
    "failures": 0,
    "start": "2022-05-22T06:26:13.322Z",
    "end": "2022-05-22T06:26:15.433Z",
    "duration": 2111,
    "testsRegistered": 1,
    "passPercent": 100,
    "pendingPercent": 0,
    "other": 0,
    "hasOther": false,
    "skipped": 0,
    "hasSkipped": false
  },
  "results": [
    {
      "uuid": "e466c2c4-20c7-4cc7-981d-62bfe05f7db9",
      "title": "",
      "fullFile": "/home/abdullah/Node/kpss-api/src/routes/v1/question/question.spec.js",
      "file": "/src/routes/v1/question/question.spec.js",
      "beforeHooks": [],
      "afterHooks": [],
      "tests": [],
      "suites": [
        {
          "uuid": "a3c0c063-ac81-46d3-8c13-ee87dc59ec71",
          "title": "Question modeline ait CRUD işlemleri",
          "fullFile": "/home/abdullah/Node/kpss-api/src/routes/v1/question/question.spec.js",
          "file": "/src/routes/v1/question/question.spec.js",
          "beforeHooks": [
            {
              "title": "\"before each\" hook in \"Question modeline ait CRUD işlemleri\"",
              "fullTitle": "Question modeline ait CRUD işlemleri \"before each\" hook in \"Question modeline ait CRUD işlemleri\"",
              "timedOut": false,
              "duration": 12,
              "state": null,
              "speed": null,
              "pass": false,
              "fail": false,
              "pending": false,
              "context": null,
              "code": "connectDB(false);",
              "err": {},
              "uuid": "895c637a-d2ee-4631-90f8-94fdac94ce45",
              "parentUUID": "a3c0c063-ac81-46d3-8c13-ee87dc59ec71",
              "isHook": true,
              "skipped": false
            }
          ],
          "afterHooks": [
            {
              "title": "\"after each\" hook in \"Question modeline ait CRUD işlemleri\"",
              "fullTitle": "Question modeline ait CRUD işlemleri \"after each\" hook in \"Question modeline ait CRUD işlemleri\"",
              "timedOut": false,
              "duration": 2,
              "state": null,
              "speed": null,
              "pass": false,
              "fail": false,
              "pending": false,
              "context": null,
              "code": "disconnectDB(false);",
              "err": {},
              "uuid": "0a1078b2-3d5e-4d68-8e0d-4a558143bc1b",
              "parentUUID": "a3c0c063-ac81-46d3-8c13-ee87dc59ec71",
              "isHook": true,
              "skipped": false
            }
          ],
          "tests": [
            {
              "title": "POST /createQuestion - soru oluştur.",
              "fullTitle": "Question modeline ait CRUD işlemleri POST /createQuestion - soru oluştur.",
              "timedOut": false,
              "duration": 2086,
              "state": "passed",
              "speed": "slow",
              "pass": true,
              "fail": false,
              "pending": false,
              "context": null,
              "code": "chai\n  .request(app)\n  .post(`${questionURL}/createQuestion`)\n  .send(question)\n  .end((err, response) => {\n    response.should.have.status(200);\n    done();\n  });",
              "err": {},
              "uuid": "650587bf-22eb-4425-8a20-81b83ed05a91",
              "parentUUID": "a3c0c063-ac81-46d3-8c13-ee87dc59ec71",
              "isHook": false,
              "skipped": false
            }
          ],
          "suites": [],
          "passes": [
            "650587bf-22eb-4425-8a20-81b83ed05a91"
          ],
          "failures": [],
          "pending": [],
          "skipped": [],
          "duration": 2086,
          "root": false,
          "rootEmpty": false,
          "_timeout": 15000
        }
      ],
      "passes": [],
      "failures": [],
      "pending": [],
      "skipped": [],
      "duration": 0,
      "root": true,
      "rootEmpty": true,
      "_timeout": 15000
    }
  ],
  "meta": {
    "mocha": {
      "version": "10.0.0"
    },
    "mochawesome": {
      "options": {
        "quiet": false,
        "reportFilename": "mochawesome",
        "saveHtml": true,
        "saveJson": true,
        "consoleReporter": "spec",
        "useInlineDiffs": false,
        "code": true
      },
      "version": "7.1.3"
    },
    "marge": {
      "options": null,
      "version": "6.2.0"
    }
  }
}