{
  "stats": {
    "suites": 1,
    "tests": 2,
    "passes": 2,
    "pending": 0,
    "failures": 0,
    "start": "2022-05-25T13:18:30.947Z",
    "end": "2022-05-25T13:18:33.076Z",
    "duration": 2129,
    "testsRegistered": 2,
    "passPercent": 100,
    "pendingPercent": 0,
    "other": 0,
    "hasOther": false,
    "skipped": 0,
    "hasSkipped": false
  },
  "results": [
    {
      "uuid": "6cf53302-3581-43f8-bc35-37c1ae7d2642",
      "title": "",
      "fullFile": "C:\\Users\\399469\\Desktop\\NodeJS\\kpss-api\\kpss-api\\src\\routes\\v1\\question\\question.spec.js",
      "file": "\\src\\routes\\v1\\question\\question.spec.js",
      "beforeHooks": [],
      "afterHooks": [],
      "tests": [],
      "suites": [
        {
          "uuid": "abd45ffe-ad99-4c70-98d4-f4a6b5224e04",
          "title": "Question modeline ait CRUD işlemleri",
          "fullFile": "C:\\Users\\399469\\Desktop\\NodeJS\\kpss-api\\kpss-api\\src\\routes\\v1\\question\\question.spec.js",
          "file": "\\src\\routes\\v1\\question\\question.spec.js",
          "beforeHooks": [
            {
              "title": "\"before each\" hook in \"Question modeline ait CRUD işlemleri\"",
              "fullTitle": "Question modeline ait CRUD işlemleri \"before each\" hook in \"Question modeline ait CRUD işlemleri\"",
              "timedOut": false,
              "duration": 7,
              "state": null,
              "speed": null,
              "pass": false,
              "fail": false,
              "pending": false,
              "context": null,
              "code": "connectDB();\n//+ Teste başlamadan önce veritabanından questions koleksiyonunu siliyoruz.\nmongoose.connection.collections.questions.drop();",
              "err": {},
              "uuid": "8af1b036-27ec-464a-85ab-172c849ec6f5",
              "parentUUID": "abd45ffe-ad99-4c70-98d4-f4a6b5224e04",
              "isHook": true,
              "skipped": false
            }
          ],
          "afterHooks": [
            {
              "title": "\"after each\" hook in \"Question modeline ait CRUD işlemleri\"",
              "fullTitle": "Question modeline ait CRUD işlemleri \"after each\" hook in \"Question modeline ait CRUD işlemleri\"",
              "timedOut": false,
              "duration": 0,
              "state": null,
              "speed": null,
              "pass": false,
              "fail": false,
              "pending": false,
              "context": null,
              "code": "//+ Her testten sonra veritabanı bağlantısını kapatıyoruz.\ndisconnectDB();",
              "err": {},
              "uuid": "d52a6c8b-9a8a-438b-8455-fd24857e369d",
              "parentUUID": "abd45ffe-ad99-4c70-98d4-f4a6b5224e04",
              "isHook": true,
              "skipped": false
            }
          ],
          "tests": [
            {
              "title": "POST /createQuestion - Yeni soru oluştur.",
              "fullTitle": "Question modeline ait CRUD işlemleri POST /createQuestion - Yeni soru oluştur.",
              "timedOut": false,
              "duration": 2070,
              "state": "passed",
              "speed": "slow",
              "pass": true,
              "fail": false,
              "pending": false,
              "context": null,
              "code": "chai\n  .request(app)\n  .post(`${questionURL}/createQuestion`)\n  .send(question)\n  .end((err, response) => {\n    response.should.have.status(201);\n    done();\n  });",
              "err": {},
              "uuid": "d11cba90-fe06-4d10-8127-6c27e55451ca",
              "parentUUID": "abd45ffe-ad99-4c70-98d4-f4a6b5224e04",
              "isHook": false,
              "skipped": false
            },
            {
              "title": "GET /getAllQuestion - Bütün soruları getir..",
              "fullTitle": "Question modeline ait CRUD işlemleri GET /getAllQuestion - Bütün soruları getir..",
              "timedOut": false,
              "duration": 21,
              "state": "passed",
              "speed": "fast",
              "pass": true,
              "fail": false,
              "pending": false,
              "context": null,
              "code": "chai\n  .request(app)\n  .get(`${questionURL}/getAllQuestion`)\n  .end((err, response) => {\n    response.should.have.status(200);\n    done();\n  });",
              "err": {},
              "uuid": "2a6bf2bf-acdf-4aba-a601-c33542bc7362",
              "parentUUID": "abd45ffe-ad99-4c70-98d4-f4a6b5224e04",
              "isHook": false,
              "skipped": false
            }
          ],
          "suites": [],
          "passes": [
            "d11cba90-fe06-4d10-8127-6c27e55451ca",
            "2a6bf2bf-acdf-4aba-a601-c33542bc7362"
          ],
          "failures": [],
          "pending": [],
          "skipped": [],
          "duration": 2091,
          "root": false,
          "rootEmpty": false,
          "_timeout": 15000
        }
      ],
      "passes": [],
      "failures": [],
      "pending": [],
      "skipped": [],
      "duration": 0,
      "root": true,
      "rootEmpty": true,
      "_timeout": 15000
    }
  ],
  "meta": {
    "mocha": {
      "version": "10.0.0"
    },
    "mochawesome": {
      "options": {
        "quiet": false,
        "reportFilename": "mochawesome",
        "saveHtml": true,
        "saveJson": true,
        "consoleReporter": "spec",
        "useInlineDiffs": false,
        "code": true
      },
      "version": "7.1.3"
    },
    "marge": {
      "options": null,
      "version": "6.2.0"
    }
  }
}