{
  "stats": {
    "suites": 1,
    "tests": 2,
    "passes": 2,
    "pending": 0,
    "failures": 0,
    "start": "2022-05-23T20:58:15.863Z",
    "end": "2022-05-23T20:58:18.292Z",
    "duration": 2429,
    "testsRegistered": 2,
    "passPercent": 100,
    "pendingPercent": 0,
    "other": 0,
    "hasOther": false,
    "skipped": 0,
    "hasSkipped": false
  },
  "results": [
    {
      "uuid": "9ea0eac9-b07f-42a0-a36d-c48c42c9ac9e",
      "title": "",
      "fullFile": "/home/abdullah/Node/kpss-api/src/routes/v1/question/question.spec.js",
      "file": "/src/routes/v1/question/question.spec.js",
      "beforeHooks": [],
      "afterHooks": [],
      "tests": [],
      "suites": [
        {
          "uuid": "e86def98-e2e2-4137-8623-34f54f116267",
          "title": "Question modeline ait CRUD işlemleri",
          "fullFile": "/home/abdullah/Node/kpss-api/src/routes/v1/question/question.spec.js",
          "file": "/src/routes/v1/question/question.spec.js",
          "beforeHooks": [
            {
              "title": "\"before each\" hook in \"Question modeline ait CRUD işlemleri\"",
              "fullTitle": "Question modeline ait CRUD işlemleri \"before each\" hook in \"Question modeline ait CRUD işlemleri\"",
              "timedOut": false,
              "duration": 3,
              "state": null,
              "speed": null,
              "pass": false,
              "fail": false,
              "pending": false,
              "context": null,
              "code": "connectDB();\n//+ Teste başlamadan önce veritabanından questions koleksiyonunu siliyoruz.\nmongoose.connection.collections.questions.drop();",
              "err": {},
              "uuid": "41413383-8d13-4eb0-a760-4d9366ed9626",
              "parentUUID": "e86def98-e2e2-4137-8623-34f54f116267",
              "isHook": true,
              "skipped": false
            }
          ],
          "afterHooks": [
            {
              "title": "\"after each\" hook in \"Question modeline ait CRUD işlemleri\"",
              "fullTitle": "Question modeline ait CRUD işlemleri \"after each\" hook in \"Question modeline ait CRUD işlemleri\"",
              "timedOut": false,
              "duration": 0,
              "state": null,
              "speed": null,
              "pass": false,
              "fail": false,
              "pending": false,
              "context": null,
              "code": "//+ Her testten sonra veritabanı bağlantısını kapatıyoruz.\ndisconnectDB();",
              "err": {},
              "uuid": "02fbdf8a-fcdf-4e68-8179-01e0e5ea2e8b",
              "parentUUID": "e86def98-e2e2-4137-8623-34f54f116267",
              "isHook": true,
              "skipped": false
            }
          ],
          "tests": [
            {
              "title": "POST /createQuestion - Yeni soru oluştur.",
              "fullTitle": "Question modeline ait CRUD işlemleri POST /createQuestion - Yeni soru oluştur.",
              "timedOut": false,
              "duration": 2382,
              "state": "passed",
              "speed": "slow",
              "pass": true,
              "fail": false,
              "pending": false,
              "context": null,
              "code": "chai\n  .request(app)\n  .post(`${questionURL}/createQuestion`)\n  .send(question)\n  .end((err, response) => {\n    response.should.have.status(201);\n    done();\n  });",
              "err": {},
              "uuid": "b9ac6170-5658-418f-a360-876f1c99aefa",
              "parentUUID": "e86def98-e2e2-4137-8623-34f54f116267",
              "isHook": false,
              "skipped": false
            },
            {
              "title": "GET /getAllQuestion - Bütün soruları getir..",
              "fullTitle": "Question modeline ait CRUD işlemleri GET /getAllQuestion - Bütün soruları getir..",
              "timedOut": false,
              "duration": 11,
              "state": "passed",
              "speed": "fast",
              "pass": true,
              "fail": false,
              "pending": false,
              "context": null,
              "code": "chai\n  .request(app)\n  .get(`${questionURL}/getAllQuestion`)\n  .end((err, response) => {\n    response.should.have.status(200);\n    done();\n  });",
              "err": {},
              "uuid": "169f0527-d891-4818-a683-7776da6e1c0e",
              "parentUUID": "e86def98-e2e2-4137-8623-34f54f116267",
              "isHook": false,
              "skipped": false
            }
          ],
          "suites": [],
          "passes": [
            "b9ac6170-5658-418f-a360-876f1c99aefa",
            "169f0527-d891-4818-a683-7776da6e1c0e"
          ],
          "failures": [],
          "pending": [],
          "skipped": [],
          "duration": 2393,
          "root": false,
          "rootEmpty": false,
          "_timeout": 15000
        }
      ],
      "passes": [],
      "failures": [],
      "pending": [],
      "skipped": [],
      "duration": 0,
      "root": true,
      "rootEmpty": true,
      "_timeout": 15000
    }
  ],
  "meta": {
    "mocha": {
      "version": "10.0.0"
    },
    "mochawesome": {
      "options": {
        "quiet": false,
        "reportFilename": "mochawesome",
        "saveHtml": true,
        "saveJson": true,
        "consoleReporter": "spec",
        "useInlineDiffs": false,
        "code": true
      },
      "version": "7.1.3"
    },
    "marge": {
      "options": null,
      "version": "6.2.0"
    }
  }
}